<?xml version="1.0" encoding="UTF-8"?>
<!-- Generated by org.testng.reporters.JUnitReportReporter -->
<testsuite hostname="DESKTOP-CB8G8B3" failures="0" tests="2" name="Frame.day3" time="0.007" errors="0" timestamp="17 Feb 2022 02:54:49 GMT">
  <testcase classname="Frame.day3" name="MobileloginCarLaon" time="0.004"/>
  <testcase classname="Frame.day3" name="WebloginCarLaon" time="0.003"/>
</testsuite> <!-- Frame.day3 -->
