<?xml version="1.0" encoding="UTF-8"?>
<!-- Generated by org.testng.reporters.JUnitReportReporter -->
<testsuite hostname="DESKTOP-CB8G8B3" failures="0" tests="3" name="Frame.day4" time="0.010" errors="0" timestamp="17 Feb 2022 02:54:49 GMT">
  <testcase classname="Frame.day4" name="MobileloginHomeLaon" time="0.004"/>
  <testcase classname="Frame.day4" name="LoginAPIHomeLaon" time="0.002"/>
  <testcase classname="Frame.day4" name="WebloginHomeLaon" time="0.004"/>
</testsuite> <!-- Frame.day4 -->
