<?xml version="1.0" encoding="UTF-8"?>
<!-- Generated by org.testng.reporters.JUnitReportReporter -->
<testsuite hostname="DESKTOP-CB8G8B3" failures="0" tests="1" name="Frame.day1" time="0.005" errors="0" timestamp="17 Feb 2022 02:54:49 GMT">
  <testcase classname="Frame.day1" name="mode" time="0.005"/>
</testsuite> <!-- Frame.day1 -->
