<?xml version="1.0" encoding="UTF-8"?>
<!-- Generated by org.testng.reporters.JUnitReportReporter -->
<testsuite hostname="DESKTOP-CB8G8B3" failures="0" tests="1" name="Frame.Testng" time="0.011" errors="0" timestamp="14 Feb 2022 02:27:41 GMT">
  <testcase classname="Frame.Testng" name="mode" time="0.011"/>
</testsuite> <!-- Frame.Testng -->
